This file contains any messages produced by compilers while
running configure, to aid debugging if configure makes a mistake.

It was created by configure, which was
generated by GNU Autoconf 2.63.  Invocation command line was

  $ ./configure mipsel-linux --build=i386-pc-linux-gnu

## --------- ##
## Platform. ##
## --------- ##

hostname = localhost.localdomain
uname -m = i686
uname -r = 2.6.29.4-167.fc11.i686.PAE
uname -s = Linux
uname -v = #1 SMP Wed May 27 17:28:22 EDT 2009

/usr/bin/uname -p = unknown
/bin/uname -X     = unknown

/bin/arch              = i686
/usr/bin/arch -k       = unknown
/usr/convex/getsysinfo = unknown
/usr/bin/hostinfo      = unknown
/bin/machine           = unknown
/usr/bin/oslevel       = unknown
/bin/universe          = unknown

PATH: /home/dvrf/Download/DVRF_v01/release/tools
PATH: /home/gpl/cybertan/brcm_toolchain/tools/brcm/hndtools-mipsel-linux-uclibc-4.2.3/bin
PATH: /projects/hnd/tools/linux/hndtools-mipsel-linux-uclibc-4.2.3/bin
PATH: /usr/lib/qt-3.3/bin
PATH: /usr/kerberos/sbin
PATH: /usr/kerberos/bin
PATH: /usr/lib/ccache
PATH: /usr/local/sbin
PATH: /usr/local/bin
PATH: /sbin
PATH: /bin
PATH: /usr/sbin
PATH: /usr/bin
PATH: /root/bin


## ----------- ##
## Core tests. ##
## ----------- ##

configure:1883: checking for a BSD-compatible install
configure:1951: result: /usr/bin/install -c
configure:1962: checking whether build environment is sane
configure:2022: result: yes
configure:2071: checking for mipsel-linux-strip
configure:2098: result: mipsel-uclibc-linux26-strip
configure:2163: checking for a thread-safe mkdir -p
configure:2202: result: /bin/mkdir -p
configure:2215: checking for gawk
configure:2231: found /bin/gawk
configure:2242: result: gawk
configure:2253: checking whether make sets $(MAKE)
configure:2275: result: yes
configure:2369: checking for mipsel-linux-gcc
configure:2396: result: mipsel-uclibc-linux26-gcc
configure:2668: checking for C compiler version
configure:2676: mipsel-uclibc-linux26-gcc --version >&5
mipsel-uclibc-linux26-gcc (GCC) 4.2.3
Copyright (C) 2007 Free Software Foundation, Inc.
This is free software; see the source for copying conditions.  There is NO
warranty; not even for MERCHANTABILITY or FITNESS FOR A PARTICULAR PURPOSE.

configure:2680: $? = 0
configure:2687: mipsel-uclibc-linux26-gcc -v >&5
Using built-in specs.
Target: mipsel-linux-uclibc
Configured with: /home/zls/toolchain/projects/hnd/tools/linux/hndtools-mipsel-linux-uclibc-4.2.3/src/toolchains/linux-2.6/buildroot/toolchain_build_mipsel/gcc-4.2.3/configure --prefix=/projects/hnd/tools/linux/hndtools-mipsel-linux-uclibc-4.2.3 --build=i386-pc-linux-gnu --host=i386-pc-linux-gnu --target=mipsel-linux-uclibc --enable-languages=c,c++ --disable-__cxa_atexit --enable-target-optspace --with-gnu-ld --with-gmp=/home/zls/toolchain/projects/hnd/tools/linux/hndtools-mipsel-linux-uclibc-4.2.3/src/toolchains/linux-2.6/buildroot/toolchain_build_mipsel/gmp --with-mpfr=/home/zls/toolchain/projects/hnd/tools/linux/hndtools-mipsel-linux-uclibc-4.2.3/src/toolchains/linux-2.6/buildroot/toolchain_build_mipsel/mpfr --enable-shared --disable-nls --enable-threads --disable-multilib --with-abi=32 --with-tune=mips32
Thread model: posix
gcc version 4.2.3
configure:2691: $? = 0
configure:2698: mipsel-uclibc-linux26-gcc -V >&5
mipsel-uclibc-linux26-gcc: '-V' option must have argument
configure:2702: $? = 1
configure:2725: checking for C compiler default output file name
configure:2747: mipsel-uclibc-linux26-gcc -DLINUX26 -DBCMVISTAROUTER -DBCMWPA2 -D__CONFIG_EMF__  -L/home/dvrf/Download/DVRF_v01/release/src/router/libbcmcrypto -lbcmcrypto conftest.c  >&5
configure:2751: $? = 0
configure:2789: result: a.out
configure:2808: checking whether the C compiler works
configure:2841: result: yes
configure:2848: checking whether we are cross compiling
configure:2850: result: yes
configure:2853: checking for suffix of executables
configure:2860: mipsel-uclibc-linux26-gcc -o conftest -DLINUX26 -DBCMVISTAROUTER -DBCMWPA2 -D__CONFIG_EMF__  -L/home/dvrf/Download/DVRF_v01/release/src/router/libbcmcrypto -lbcmcrypto conftest.c  >&5
configure:2864: $? = 0
configure:2890: result: 
configure:2896: checking for suffix of object files
configure:2922: mipsel-uclibc-linux26-gcc -c -DLINUX26 -DBCMVISTAROUTER -DBCMWPA2 -D__CONFIG_EMF__  conftest.c >&5
configure:2926: $? = 0
configure:2951: result: o
configure:2955: checking whether we are using the GNU C compiler
configure:2984: mipsel-uclibc-linux26-gcc -c -DLINUX26 -DBCMVISTAROUTER -DBCMWPA2 -D__CONFIG_EMF__  conftest.c >&5
configure:2991: $? = 0
configure:3008: result: yes
configure:3017: checking whether mipsel-uclibc-linux26-gcc accepts -g
configure:3047: mipsel-uclibc-linux26-gcc -c -g  conftest.c >&5
configure:3054: $? = 0
configure:3155: result: yes
configure:3172: checking for mipsel-uclibc-linux26-gcc option to accept ISO C89
configure:3246: mipsel-uclibc-linux26-gcc  -c -DLINUX26 -DBCMVISTAROUTER -DBCMWPA2 -D__CONFIG_EMF__  conftest.c >&5
configure:3253: $? = 0
configure:3276: result: none needed
configure:3305: checking for style of include used by make
configure:3333: result: GNU
configure:3358: checking dependency style of mipsel-uclibc-linux26-gcc
configure:3468: result: gcc3
configure:3488: checking how to run the C preprocessor
configure:3528: mipsel-uclibc-linux26-gcc -E  conftest.c
configure:3535: $? = 0
configure:3566: mipsel-uclibc-linux26-gcc -E  conftest.c
conftest.c:10:28: error: ac_nonexistent.h: No such file or directory
configure:3573: $? = 1
configure: failed program was:
| /* confdefs.h.  */
| #define PACKAGE_NAME ""
| #define PACKAGE_TARNAME ""
| #define PACKAGE_VERSION ""
| #define PACKAGE_STRING ""
| #define PACKAGE_BUGREPORT ""
| #define PACKAGE "ez-ipupdate"
| #define VERSION "3.0.11b7"
| /* end confdefs.h.  */
| #include <ac_nonexistent.h>
configure:3606: result: mipsel-uclibc-linux26-gcc -E
configure:3635: mipsel-uclibc-linux26-gcc -E  conftest.c
configure:3642: $? = 0
configure:3673: mipsel-uclibc-linux26-gcc -E  conftest.c
conftest.c:10:28: error: ac_nonexistent.h: No such file or directory
configure:3680: $? = 1
configure: failed program was:
| /* confdefs.h.  */
| #define PACKAGE_NAME ""
| #define PACKAGE_TARNAME ""
| #define PACKAGE_VERSION ""
| #define PACKAGE_STRING ""
| #define PACKAGE_BUGREPORT ""
| #define PACKAGE "ez-ipupdate"
| #define VERSION "3.0.11b7"
| /* end confdefs.h.  */
| #include <ac_nonexistent.h>
configure:3733: checking for a BSD-compatible install
configure:3801: result: /usr/bin/install -c
configure:3814: checking return type of signal handlers
configure:3842: mipsel-uclibc-linux26-gcc -c -DLINUX26 -DBCMVISTAROUTER -DBCMWPA2 -D__CONFIG_EMF__  conftest.c >&5
conftest.c: In function 'main':
conftest.c:16: error: void value not ignored as it ought to be
configure:3849: $? = 1
configure: failed program was:
| /* confdefs.h.  */
| #define PACKAGE_NAME ""
| #define PACKAGE_TARNAME ""
| #define PACKAGE_VERSION ""
| #define PACKAGE_STRING ""
| #define PACKAGE_BUGREPORT ""
| #define PACKAGE "ez-ipupdate"
| #define VERSION "3.0.11b7"
| /* end confdefs.h.  */
| #include <sys/types.h>
| #include <signal.h>
| 
| int
| main ()
| {
| return *(signal (0, 0)) (0) == 1;
|   ;
|   return 0;
| }
configure:3864: result: void
configure:3874: checking for gethostbyname
configure:3930: mipsel-uclibc-linux26-gcc -o conftest -DLINUX26 -DBCMVISTAROUTER -DBCMWPA2 -D__CONFIG_EMF__  -L/home/dvrf/Download/DVRF_v01/release/src/router/libbcmcrypto -lbcmcrypto conftest.c  >&5
configure:3937: $? = 0
configure:3957: result: yes
configure:4037: checking for connect
configure:4093: mipsel-uclibc-linux26-gcc -o conftest -DLINUX26 -DBCMVISTAROUTER -DBCMWPA2 -D__CONFIG_EMF__  -L/home/dvrf/Download/DVRF_v01/release/src/router/libbcmcrypto -lbcmcrypto conftest.c  >&5
configure:4100: $? = 0
configure:4120: result: yes
configure:4261: checking for socket
configure:4317: mipsel-uclibc-linux26-gcc -o conftest -DLINUX26 -DBCMVISTAROUTER -DBCMWPA2 -D__CONFIG_EMF__  -L/home/dvrf/Download/DVRF_v01/release/src/router/libbcmcrypto -lbcmcrypto conftest.c  >&5
configure:4324: $? = 0
configure:4346: result: yes
configure:4261: checking for strdup
configure:4317: mipsel-uclibc-linux26-gcc -o conftest -DLINUX26 -DBCMVISTAROUTER -DBCMWPA2 -D__CONFIG_EMF__  -L/home/dvrf/Download/DVRF_v01/release/src/router/libbcmcrypto -lbcmcrypto conftest.c  >&5
conftest.c:35: warning: conflicting types for built-in function 'strdup'
configure:4324: $? = 0
configure:4346: result: yes
configure:4261: checking for getopt_long
configure:4317: mipsel-uclibc-linux26-gcc -o conftest -DLINUX26 -DBCMVISTAROUTER -DBCMWPA2 -D__CONFIG_EMF__  -L/home/dvrf/Download/DVRF_v01/release/src/router/libbcmcrypto -lbcmcrypto conftest.c  >&5
configure:4324: $? = 0
configure:4346: result: yes
configure:4261: checking for gethostbyaddr
configure:4317: mipsel-uclibc-linux26-gcc -o conftest -DLINUX26 -DBCMVISTAROUTER -DBCMWPA2 -D__CONFIG_EMF__  -L/home/dvrf/Download/DVRF_v01/release/src/router/libbcmcrypto -lbcmcrypto conftest.c  >&5
configure:4324: $? = 0
configure:4346: result: yes
configure:4261: checking for getservbyname
configure:4317: mipsel-uclibc-linux26-gcc -o conftest -DLINUX26 -DBCMVISTAROUTER -DBCMWPA2 -D__CONFIG_EMF__  -L/home/dvrf/Download/DVRF_v01/release/src/router/libbcmcrypto -lbcmcrypto conftest.c  >&5
configure:4324: $? = 0
configure:4346: result: yes
configure:4261: checking for inet_addr
configure:4317: mipsel-uclibc-linux26-gcc -o conftest -DLINUX26 -DBCMVISTAROUTER -DBCMWPA2 -D__CONFIG_EMF__  -L/home/dvrf/Download/DVRF_v01/release/src/router/libbcmcrypto -lbcmcrypto conftest.c  >&5
configure:4324: $? = 0
configure:4346: result: yes
configure:4261: checking for inet_ntoa
configure:4317: mipsel-uclibc-linux26-gcc -o conftest -DLINUX26 -DBCMVISTAROUTER -DBCMWPA2 -D__CONFIG_EMF__  -L/home/dvrf/Download/DVRF_v01/release/src/router/libbcmcrypto -lbcmcrypto conftest.c  >&5
configure:4324: $? = 0
configure:4346: result: yes
configure:4261: checking for snprintf
configure:4317: mipsel-uclibc-linux26-gcc -o conftest -DLINUX26 -DBCMVISTAROUTER -DBCMWPA2 -D__CONFIG_EMF__  -L/home/dvrf/Download/DVRF_v01/release/src/router/libbcmcrypto -lbcmcrypto conftest.c  >&5
conftest.c:41: warning: conflicting types for built-in function 'snprintf'
configure:4324: $? = 0
configure:4346: result: yes
configure:4261: checking for vfprintf
configure:4317: mipsel-uclibc-linux26-gcc -o conftest -DLINUX26 -DBCMVISTAROUTER -DBCMWPA2 -D__CONFIG_EMF__  -L/home/dvrf/Download/DVRF_v01/release/src/router/libbcmcrypto -lbcmcrypto conftest.c  >&5
conftest.c:42: warning: conflicting types for built-in function 'vfprintf'
configure:4324: $? = 0
configure:4346: result: yes
configure:4261: checking for stat
configure:4317: mipsel-uclibc-linux26-gcc -o conftest -DLINUX26 -DBCMVISTAROUTER -DBCMWPA2 -D__CONFIG_EMF__  -L/home/dvrf/Download/DVRF_v01/release/src/router/libbcmcrypto -lbcmcrypto conftest.c  >&5
configure:4324: $? = 0
configure:4346: result: yes
configure:4261: checking for vsprintf
configure:4317: mipsel-uclibc-linux26-gcc -o conftest -DLINUX26 -DBCMVISTAROUTER -DBCMWPA2 -D__CONFIG_EMF__  -L/home/dvrf/Download/DVRF_v01/release/src/router/libbcmcrypto -lbcmcrypto conftest.c  >&5
conftest.c:44: warning: conflicting types for built-in function 'vsprintf'
configure:4324: $? = 0
configure:4346: result: yes
configure:4261: checking for vsnprintf
configure:4317: mipsel-uclibc-linux26-gcc -o conftest -DLINUX26 -DBCMVISTAROUTER -DBCMWPA2 -D__CONFIG_EMF__  -L/home/dvrf/Download/DVRF_v01/release/src/router/libbcmcrypto -lbcmcrypto conftest.c  >&5
conftest.c:45: warning: conflicting types for built-in function 'vsnprintf'
configure:4324: $? = 0
configure:4346: result: yes
configure:4261: checking for strerror
configure:4317: mipsel-uclibc-linux26-gcc -o conftest -DLINUX26 -DBCMVISTAROUTER -DBCMWPA2 -D__CONFIG_EMF__  -L/home/dvrf/Download/DVRF_v01/release/src/router/libbcmcrypto -lbcmcrypto conftest.c  >&5
configure:4324: $? = 0
configure:4346: result: yes
configure:4261: checking for strftime
configure:4317: mipsel-uclibc-linux26-gcc -o conftest -DLINUX26 -DBCMVISTAROUTER -DBCMWPA2 -D__CONFIG_EMF__  -L/home/dvrf/Download/DVRF_v01/release/src/router/libbcmcrypto -lbcmcrypto conftest.c  >&5
conftest.c:47: warning: conflicting types for built-in function 'strftime'
configure:4324: $? = 0
configure:4346: result: yes
configure:4261: checking for wait
configure:4317: mipsel-uclibc-linux26-gcc -o conftest -DLINUX26 -DBCMVISTAROUTER -DBCMWPA2 -D__CONFIG_EMF__  -L/home/dvrf/Download/DVRF_v01/release/src/router/libbcmcrypto -lbcmcrypto conftest.c  >&5
configure:4324: $? = 0
configure:4346: result: yes
configure:4261: checking for waitpid
configure:4317: mipsel-uclibc-linux26-gcc -o conftest -DLINUX26 -DBCMVISTAROUTER -DBCMWPA2 -D__CONFIG_EMF__  -L/home/dvrf/Download/DVRF_v01/release/src/router/libbcmcrypto -lbcmcrypto conftest.c  >&5
configure:4324: $? = 0
configure:4346: result: yes
configure:4261: checking for getpid
configure:4317: mipsel-uclibc-linux26-gcc -o conftest -DLINUX26 -DBCMVISTAROUTER -DBCMWPA2 -D__CONFIG_EMF__  -L/home/dvrf/Download/DVRF_v01/release/src/router/libbcmcrypto -lbcmcrypto conftest.c  >&5
configure:4324: $? = 0
configure:4346: result: yes
configure:4261: checking for fork
configure:4317: mipsel-uclibc-linux26-gcc -o conftest -DLINUX26 -DBCMVISTAROUTER -DBCMWPA2 -D__CONFIG_EMF__  -L/home/dvrf/Download/DVRF_v01/release/src/router/libbcmcrypto -lbcmcrypto conftest.c  >&5
conftest.c:51: warning: conflicting types for built-in function 'fork'
configure:4324: $? = 0
configure:4346: result: yes
configure:4261: checking for vfork
configure:4317: mipsel-uclibc-linux26-gcc -o conftest -DLINUX26 -DBCMVISTAROUTER -DBCMWPA2 -D__CONFIG_EMF__  -L/home/dvrf/Download/DVRF_v01/release/src/router/libbcmcrypto -lbcmcrypto conftest.c  >&5
configure:4324: $? = 0
configure:4346: result: yes
configure:4261: checking for getuid
configure:4317: mipsel-uclibc-linux26-gcc -o conftest -DLINUX26 -DBCMVISTAROUTER -DBCMWPA2 -D__CONFIG_EMF__  -L/home/dvrf/Download/DVRF_v01/release/src/router/libbcmcrypto -lbcmcrypto conftest.c  >&5
configure:4324: $? = 0
configure:4346: result: yes
configure:4261: checking for geteuid
configure:4317: mipsel-uclibc-linux26-gcc -o conftest -DLINUX26 -DBCMVISTAROUTER -DBCMWPA2 -D__CONFIG_EMF__  -L/home/dvrf/Download/DVRF_v01/release/src/router/libbcmcrypto -lbcmcrypto conftest.c  >&5
configure:4324: $? = 0
configure:4346: result: yes
configure:4261: checking for setuid
configure:4317: mipsel-uclibc-linux26-gcc -o conftest -DLINUX26 -DBCMVISTAROUTER -DBCMWPA2 -D__CONFIG_EMF__  -L/home/dvrf/Download/DVRF_v01/release/src/router/libbcmcrypto -lbcmcrypto conftest.c  >&5
configure:4324: $? = 0
configure:4346: result: yes
configure:4261: checking for seteuid
configure:4317: mipsel-uclibc-linux26-gcc -o conftest -DLINUX26 -DBCMVISTAROUTER -DBCMWPA2 -D__CONFIG_EMF__  -L/home/dvrf/Download/DVRF_v01/release/src/router/libbcmcrypto -lbcmcrypto conftest.c  >&5
configure:4324: $? = 0
configure:4346: result: yes
configure:4261: checking for getgid
configure:4317: mipsel-uclibc-linux26-gcc -o conftest -DLINUX26 -DBCMVISTAROUTER -DBCMWPA2 -D__CONFIG_EMF__  -L/home/dvrf/Download/DVRF_v01/release/src/router/libbcmcrypto -lbcmcrypto conftest.c  >&5
configure:4324: $? = 0
configure:4346: result: yes
configure:4261: checking for getegid
configure:4317: mipsel-uclibc-linux26-gcc -o conftest -DLINUX26 -DBCMVISTAROUTER -DBCMWPA2 -D__CONFIG_EMF__  -L/home/dvrf/Download/DVRF_v01/release/src/router/libbcmcrypto -lbcmcrypto conftest.c  >&5
configure:4324: $? = 0
configure:4346: result: yes
configure:4261: checking for setgid
configure:4317: mipsel-uclibc-linux26-gcc -o conftest -DLINUX26 -DBCMVISTAROUTER -DBCMWPA2 -D__CONFIG_EMF__  -L/home/dvrf/Download/DVRF_v01/release/src/router/libbcmcrypto -lbcmcrypto conftest.c  >&5
configure:4324: $? = 0
configure:4346: result: yes
configure:4261: checking for setegid
configure:4317: mipsel-uclibc-linux26-gcc -o conftest -DLINUX26 -DBCMVISTAROUTER -DBCMWPA2 -D__CONFIG_EMF__  -L/home/dvrf/Download/DVRF_v01/release/src/router/libbcmcrypto -lbcmcrypto conftest.c  >&5
configure:4324: $? = 0
configure:4346: result: yes
configure:4261: checking for inet_aton
configure:4317: mipsel-uclibc-linux26-gcc -o conftest -DLINUX26 -DBCMVISTAROUTER -DBCMWPA2 -D__CONFIG_EMF__  -L/home/dvrf/Download/DVRF_v01/release/src/router/libbcmcrypto -lbcmcrypto conftest.c  >&5
configure:4324: $? = 0
configure:4346: result: yes
configure:4261: checking for herror
configure:4317: mipsel-uclibc-linux26-gcc -o conftest -DLINUX26 -DBCMVISTAROUTER -DBCMWPA2 -D__CONFIG_EMF__  -L/home/dvrf/Download/DVRF_v01/release/src/router/libbcmcrypto -lbcmcrypto conftest.c  >&5
configure:4324: $? = 0
configure:4346: result: yes
configure:4360: checking for grep that handles long lines and -e
configure:4420: result: /bin/grep
configure:4425: checking for egrep
configure:4489: result: /bin/grep -E
configure:4494: checking for ANSI C header files
configure:4524: mipsel-uclibc-linux26-gcc -c -DLINUX26 -DBCMVISTAROUTER -DBCMWPA2 -D__CONFIG_EMF__  conftest.c >&5
configure:4531: $? = 0
configure:4662: result: yes
configure:4686: checking for sys/types.h
configure:4707: mipsel-uclibc-linux26-gcc -c -DLINUX26 -DBCMVISTAROUTER -DBCMWPA2 -D__CONFIG_EMF__  conftest.c >&5
configure:4714: $? = 0
configure:4731: result: yes
configure:4686: checking for sys/stat.h
configure:4707: mipsel-uclibc-linux26-gcc -c -DLINUX26 -DBCMVISTAROUTER -DBCMWPA2 -D__CONFIG_EMF__  conftest.c >&5
configure:4714: $? = 0
configure:4731: result: yes
configure:4686: checking for stdlib.h
configure:4707: mipsel-uclibc-linux26-gcc -c -DLINUX26 -DBCMVISTAROUTER -DBCMWPA2 -D__CONFIG_EMF__  conftest.c >&5
configure:4714: $? = 0
configure:4731: result: yes
configure:4686: checking for string.h
configure:4707: mipsel-uclibc-linux26-gcc -c -DLINUX26 -DBCMVISTAROUTER -DBCMWPA2 -D__CONFIG_EMF__  conftest.c >&5
configure:4714: $? = 0
configure:4731: result: yes
configure:4686: checking for memory.h
configure:4707: mipsel-uclibc-linux26-gcc -c -DLINUX26 -DBCMVISTAROUTER -DBCMWPA2 -D__CONFIG_EMF__  conftest.c >&5
configure:4714: $? = 0
configure:4731: result: yes
configure:4686: checking for strings.h
configure:4707: mipsel-uclibc-linux26-gcc -c -DLINUX26 -DBCMVISTAROUTER -DBCMWPA2 -D__CONFIG_EMF__  conftest.c >&5
configure:4714: $? = 0
configure:4731: result: yes
configure:4686: checking for inttypes.h
configure:4707: mipsel-uclibc-linux26-gcc -c -DLINUX26 -DBCMVISTAROUTER -DBCMWPA2 -D__CONFIG_EMF__  conftest.c >&5
configure:4714: $? = 0
configure:4731: result: yes
configure:4686: checking for stdint.h
configure:4707: mipsel-uclibc-linux26-gcc -c -DLINUX26 -DBCMVISTAROUTER -DBCMWPA2 -D__CONFIG_EMF__  conftest.c >&5
configure:4714: $? = 0
configure:4731: result: yes
configure:4686: checking for unistd.h
configure:4707: mipsel-uclibc-linux26-gcc -c -DLINUX26 -DBCMVISTAROUTER -DBCMWPA2 -D__CONFIG_EMF__  conftest.c >&5
configure:4714: $? = 0
configure:4731: result: yes
configure:4787: checking arpa/inet.h usability
configure:4804: mipsel-uclibc-linux26-gcc -c -DLINUX26 -DBCMVISTAROUTER -DBCMWPA2 -D__CONFIG_EMF__  conftest.c >&5
configure:4811: $? = 0
configure:4825: result: yes
configure:4829: checking arpa/inet.h presence
configure:4844: mipsel-uclibc-linux26-gcc -E  conftest.c
configure:4851: $? = 0
configure:4865: result: yes
configure:4893: checking for arpa/inet.h
configure:4902: result: yes
configure:4776: checking for sys/types.h
configure:4783: result: yes
configure:4787: checking sys/time.h usability
configure:4804: mipsel-uclibc-linux26-gcc -c -DLINUX26 -DBCMVISTAROUTER -DBCMWPA2 -D__CONFIG_EMF__  conftest.c >&5
configure:4811: $? = 0
configure:4825: result: yes
configure:4829: checking sys/time.h presence
configure:4844: mipsel-uclibc-linux26-gcc -E  conftest.c
configure:4851: $? = 0
configure:4865: result: yes
configure:4893: checking for sys/time.h
configure:4902: result: yes
configure:4776: checking for sys/stat.h
configure:4783: result: yes
configure:4787: checking fcntl.h usability
configure:4804: mipsel-uclibc-linux26-gcc -c -DLINUX26 -DBCMVISTAROUTER -DBCMWPA2 -D__CONFIG_EMF__  conftest.c >&5
configure:4811: $? = 0
configure:4825: result: yes
configure:4829: checking fcntl.h presence
configure:4844: mipsel-uclibc-linux26-gcc -E  conftest.c
configure:4851: $? = 0
configure:4865: result: yes
configure:4893: checking for fcntl.h
configure:4902: result: yes
configure:4787: checking signal.h usability
configure:4804: mipsel-uclibc-linux26-gcc -c -DLINUX26 -DBCMVISTAROUTER -DBCMWPA2 -D__CONFIG_EMF__  conftest.c >&5
configure:4811: $? = 0
configure:4825: result: yes
configure:4829: checking signal.h presence
configure:4844: mipsel-uclibc-linux26-gcc -E  conftest.c
configure:4851: $? = 0
configure:4865: result: yes
configure:4893: checking for signal.h
configure:4902: result: yes
configure:4787: checking syslog.h usability
configure:4804: mipsel-uclibc-linux26-gcc -c -DLINUX26 -DBCMVISTAROUTER -DBCMWPA2 -D__CONFIG_EMF__  conftest.c >&5
configure:4811: $? = 0
configure:4825: result: yes
configure:4829: checking syslog.h presence
configure:4844: mipsel-uclibc-linux26-gcc -E  conftest.c
configure:4851: $? = 0
configure:4865: result: yes
configure:4893: checking for syslog.h
configure:4902: result: yes
configure:4787: checking pwd.h usability
configure:4804: mipsel-uclibc-linux26-gcc -c -DLINUX26 -DBCMVISTAROUTER -DBCMWPA2 -D__CONFIG_EMF__  conftest.c >&5
configure:4811: $? = 0
configure:4825: result: yes
configure:4829: checking pwd.h presence
configure:4844: mipsel-uclibc-linux26-gcc -E  conftest.c
configure:4851: $? = 0
configure:4865: result: yes
configure:4893: checking for pwd.h
configure:4902: result: yes
configure:4787: checking stdarg.h usability
configure:4804: mipsel-uclibc-linux26-gcc -c -DLINUX26 -DBCMVISTAROUTER -DBCMWPA2 -D__CONFIG_EMF__  conftest.c >&5
configure:4811: $? = 0
configure:4825: result: yes
configure:4829: checking stdarg.h presence
configure:4844: mipsel-uclibc-linux26-gcc -E  conftest.c
configure:4851: $? = 0
configure:4865: result: yes
configure:4893: checking for stdarg.h
configure:4902: result: yes
configure:4787: checking grp.h usability
configure:4804: mipsel-uclibc-linux26-gcc -c -DLINUX26 -DBCMVISTAROUTER -DBCMWPA2 -D__CONFIG_EMF__  conftest.c >&5
configure:4811: $? = 0
configure:4825: result: yes
configure:4829: checking grp.h presence
configure:4844: mipsel-uclibc-linux26-gcc -E  conftest.c
configure:4851: $? = 0
configure:4865: result: yes
configure:4893: checking for grp.h
configure:4902: result: yes
configure:4787: checking errno.h usability
configure:4804: mipsel-uclibc-linux26-gcc -c -DLINUX26 -DBCMVISTAROUTER -DBCMWPA2 -D__CONFIG_EMF__  conftest.c >&5
configure:4811: $? = 0
configure:4825: result: yes
configure:4829: checking errno.h presence
configure:4844: mipsel-uclibc-linux26-gcc -E  conftest.c
configure:4851: $? = 0
configure:4865: result: yes
configure:4893: checking for errno.h
configure:4902: result: yes
configure:4787: checking sys/sockio.h usability
configure:4804: mipsel-uclibc-linux26-gcc -c -DLINUX26 -DBCMVISTAROUTER -DBCMWPA2 -D__CONFIG_EMF__  conftest.c >&5
conftest.c:94:24: error: sys/sockio.h: No such file or directory
configure:4811: $? = 1
configure: failed program was:
| /* confdefs.h.  */
| #define PACKAGE_NAME ""
| #define PACKAGE_TARNAME ""
| #define PACKAGE_VERSION ""
| #define PACKAGE_STRING ""
| #define PACKAGE_BUGREPORT ""
| #define PACKAGE "ez-ipupdate"
| #define VERSION "3.0.11b7"
| #define RETSIGTYPE void
| #define HAVE_SOCKET 1
| #define HAVE_STRDUP 1
| #define HAVE_GETOPT_LONG 1
| #define HAVE_GETHOSTBYADDR 1
| #define HAVE_GETSERVBYNAME 1
| #define HAVE_INET_ADDR 1
| #define HAVE_INET_NTOA 1
| #define HAVE_SNPRINTF 1
| #define HAVE_VFPRINTF 1
| #define HAVE_STAT 1
| #define HAVE_VSPRINTF 1
| #define HAVE_VSNPRINTF 1
| #define HAVE_STRERROR 1
| #define HAVE_STRFTIME 1
| #define HAVE_WAIT 1
| #define HAVE_WAITPID 1
| #define HAVE_GETPID 1
| #define HAVE_FORK 1
| #define HAVE_VFORK 1
| #define HAVE_GETUID 1
| #define HAVE_GETEUID 1
| #define HAVE_SETUID 1
| #define HAVE_SETEUID 1
| #define HAVE_GETGID 1
| #define HAVE_GETEGID 1
| #define HAVE_SETGID 1
| #define HAVE_SETEGID 1
| #define HAVE_INET_ATON 1
| #define HAVE_HERROR 1
| #define STDC_HEADERS 1
| #define HAVE_SYS_TYPES_H 1
| #define HAVE_SYS_STAT_H 1
| #define HAVE_STDLIB_H 1
| #define HAVE_STRING_H 1
| #define HAVE_MEMORY_H 1
| #define HAVE_STRINGS_H 1
| #define HAVE_INTTYPES_H 1
| #define HAVE_STDINT_H 1
| #define HAVE_UNISTD_H 1
| #define HAVE_ARPA_INET_H 1
| #define HAVE_SYS_TYPES_H 1
| #define HAVE_SYS_TIME_H 1
| #define HAVE_SYS_STAT_H 1
| #define HAVE_FCNTL_H 1
| #define HAVE_SIGNAL_H 1
| #define HAVE_SYSLOG_H 1
| #define HAVE_PWD_H 1
| #define HAVE_STDARG_H 1
| #define HAVE_GRP_H 1
| #define HAVE_ERRNO_H 1
| /* end confdefs.h.  */
| #include <stdio.h>
| #ifdef HAVE_SYS_TYPES_H
| # include <sys/types.h>
| #endif
| #ifdef HAVE_SYS_STAT_H
| # include <sys/stat.h>
| #endif
| #ifdef STDC_HEADERS
| # include <stdlib.h>
| # include <stddef.h>
| #else
| # ifdef HAVE_STDLIB_H
| #  include <stdlib.h>
| # endif
| #endif
| #ifdef HAVE_STRING_H
| # if !defined STDC_HEADERS && defined HAVE_MEMORY_H
| #  include <memory.h>
| # endif
| # include <string.h>
| #endif
| #ifdef HAVE_STRINGS_H
| # include <strings.h>
| #endif
| #ifdef HAVE_INTTYPES_H
| # include <inttypes.h>
| #endif
| #ifdef HAVE_STDINT_H
| # include <stdint.h>
| #endif
| #ifdef HAVE_UNISTD_H
| # include <unistd.h>
| #endif
| #include <sys/sockio.h>
configure:4825: result: no
configure:4829: checking sys/sockio.h presence
configure:4844: mipsel-uclibc-linux26-gcc -E  conftest.c
conftest.c:61:24: error: sys/sockio.h: No such file or directory
configure:4851: $? = 1
configure: failed program was:
| /* confdefs.h.  */
| #define PACKAGE_NAME ""
| #define PACKAGE_TARNAME ""
| #define PACKAGE_VERSION ""
| #define PACKAGE_STRING ""
| #define PACKAGE_BUGREPORT ""
| #define PACKAGE "ez-ipupdate"
| #define VERSION "3.0.11b7"
| #define RETSIGTYPE void
| #define HAVE_SOCKET 1
| #define HAVE_STRDUP 1
| #define HAVE_GETOPT_LONG 1
| #define HAVE_GETHOSTBYADDR 1
| #define HAVE_GETSERVBYNAME 1
| #define HAVE_INET_ADDR 1
| #define HAVE_INET_NTOA 1
| #define HAVE_SNPRINTF 1
| #define HAVE_VFPRINTF 1
| #define HAVE_STAT 1
| #define HAVE_VSPRINTF 1
| #define HAVE_VSNPRINTF 1
| #define HAVE_STRERROR 1
| #define HAVE_STRFTIME 1
| #define HAVE_WAIT 1
| #define HAVE_WAITPID 1
| #define HAVE_GETPID 1
| #define HAVE_FORK 1
| #define HAVE_VFORK 1
| #define HAVE_GETUID 1
| #define HAVE_GETEUID 1
| #define HAVE_SETUID 1
| #define HAVE_SETEUID 1
| #define HAVE_GETGID 1
| #define HAVE_GETEGID 1
| #define HAVE_SETGID 1
| #define HAVE_SETEGID 1
| #define HAVE_INET_ATON 1
| #define HAVE_HERROR 1
| #define STDC_HEADERS 1
| #define HAVE_SYS_TYPES_H 1
| #define HAVE_SYS_STAT_H 1
| #define HAVE_STDLIB_H 1
| #define HAVE_STRING_H 1
| #define HAVE_MEMORY_H 1
| #define HAVE_STRINGS_H 1
| #define HAVE_INTTYPES_H 1
| #define HAVE_STDINT_H 1
| #define HAVE_UNISTD_H 1
| #define HAVE_ARPA_INET_H 1
| #define HAVE_SYS_TYPES_H 1
| #define HAVE_SYS_TIME_H 1
| #define HAVE_SYS_STAT_H 1
| #define HAVE_FCNTL_H 1
| #define HAVE_SIGNAL_H 1
| #define HAVE_SYSLOG_H 1
| #define HAVE_PWD_H 1
| #define HAVE_STDARG_H 1
| #define HAVE_GRP_H 1
| #define HAVE_ERRNO_H 1
| /* end confdefs.h.  */
| #include <sys/sockio.h>
configure:4865: result: no
configure:4893: checking for sys/sockio.h
configure:4902: result: no
configure:4787: checking sys/wait.h usability
configure:4804: mipsel-uclibc-linux26-gcc -c -DLINUX26 -DBCMVISTAROUTER -DBCMWPA2 -D__CONFIG_EMF__  conftest.c >&5
configure:4811: $? = 0
configure:4825: result: yes
configure:4829: checking sys/wait.h presence
configure:4844: mipsel-uclibc-linux26-gcc -E  conftest.c
configure:4851: $? = 0
configure:4865: result: yes
configure:4893: checking for sys/wait.h
configure:4902: result: yes
configure:4787: checking getopt.h usability
configure:4804: mipsel-uclibc-linux26-gcc -c -DLINUX26 -DBCMVISTAROUTER -DBCMWPA2 -D__CONFIG_EMF__  conftest.c >&5
configure:4811: $? = 0
configure:4825: result: yes
configure:4829: checking getopt.h presence
configure:4844: mipsel-uclibc-linux26-gcc -E  conftest.c
configure:4851: $? = 0
configure:4865: result: yes
configure:4893: checking for getopt.h
configure:4902: result: yes
configure:4929: checking for unistd.h
configure:4936: result: yes
configure:4940: checking netinet/in.h usability
configure:4957: mipsel-uclibc-linux26-gcc -c -DLINUX26 -DBCMVISTAROUTER -DBCMWPA2 -D__CONFIG_EMF__  conftest.c >&5
configure:4964: $? = 0
configure:4978: result: yes
configure:4982: checking netinet/in.h presence
configure:4997: mipsel-uclibc-linux26-gcc -E  conftest.c
configure:5004: $? = 0
configure:5018: result: yes
configure:5046: checking for netinet/in.h
configure:5055: result: yes
configure:4940: checking netdb.h usability
configure:4957: mipsel-uclibc-linux26-gcc -c -DLINUX26 -DBCMVISTAROUTER -DBCMWPA2 -D__CONFIG_EMF__  conftest.c >&5
configure:4964: $? = 0
configure:4978: result: yes
configure:4982: checking netdb.h presence
configure:4997: mipsel-uclibc-linux26-gcc -E  conftest.c
configure:5004: $? = 0
configure:5018: result: yes
configure:5046: checking for netdb.h
configure:5055: result: yes
configure:4940: checking sys/socket.h usability
configure:4957: mipsel-uclibc-linux26-gcc -c -DLINUX26 -DBCMVISTAROUTER -DBCMWPA2 -D__CONFIG_EMF__  conftest.c >&5
configure:4964: $? = 0
configure:4978: result: yes
configure:4982: checking sys/socket.h presence
configure:4997: mipsel-uclibc-linux26-gcc -E  conftest.c
configure:5004: $? = 0
configure:5018: result: yes
configure:5046: checking for sys/socket.h
configure:5055: result: yes
configure:5075: checking for sys_errlist in -lc
configure:5110: mipsel-uclibc-linux26-gcc -o conftest -DLINUX26 -DBCMVISTAROUTER -DBCMWPA2 -D__CONFIG_EMF__  -L/home/dvrf/Download/DVRF_v01/release/src/router/libbcmcrypto -lbcmcrypto conftest.c -lc   >&5
/tmp/ccGsX4tf.o: In function `main':
conftest.c:(.text+0x20): undefined reference to `sys_errlist'
collect2: ld returned 1 exit status
configure:5117: $? = 1
configure: failed program was:
| /* confdefs.h.  */
| #define PACKAGE_NAME ""
| #define PACKAGE_TARNAME ""
| #define PACKAGE_VERSION ""
| #define PACKAGE_STRING ""
| #define PACKAGE_BUGREPORT ""
| #define PACKAGE "ez-ipupdate"
| #define VERSION "3.0.11b7"
| #define RETSIGTYPE void
| #define HAVE_SOCKET 1
| #define HAVE_STRDUP 1
| #define HAVE_GETOPT_LONG 1
| #define HAVE_GETHOSTBYADDR 1
| #define HAVE_GETSERVBYNAME 1
| #define HAVE_INET_ADDR 1
| #define HAVE_INET_NTOA 1
| #define HAVE_SNPRINTF 1
| #define HAVE_VFPRINTF 1
| #define HAVE_STAT 1
| #define HAVE_VSPRINTF 1
| #define HAVE_VSNPRINTF 1
| #define HAVE_STRERROR 1
| #define HAVE_STRFTIME 1
| #define HAVE_WAIT 1
| #define HAVE_WAITPID 1
| #define HAVE_GETPID 1
| #define HAVE_FORK 1
| #define HAVE_VFORK 1
| #define HAVE_GETUID 1
| #define HAVE_GETEUID 1
| #define HAVE_SETUID 1
| #define HAVE_SETEUID 1
| #define HAVE_GETGID 1
| #define HAVE_GETEGID 1
| #define HAVE_SETGID 1
| #define HAVE_SETEGID 1
| #define HAVE_INET_ATON 1
| #define HAVE_HERROR 1
| #define STDC_HEADERS 1
| #define HAVE_SYS_TYPES_H 1
| #define HAVE_SYS_STAT_H 1
| #define HAVE_STDLIB_H 1
| #define HAVE_STRING_H 1
| #define HAVE_MEMORY_H 1
| #define HAVE_STRINGS_H 1
| #define HAVE_INTTYPES_H 1
| #define HAVE_STDINT_H 1
| #define HAVE_UNISTD_H 1
| #define HAVE_ARPA_INET_H 1
| #define HAVE_SYS_TYPES_H 1
| #define HAVE_SYS_TIME_H 1
| #define HAVE_SYS_STAT_H 1
| #define HAVE_FCNTL_H 1
| #define HAVE_SIGNAL_H 1
| #define HAVE_SYSLOG_H 1
| #define HAVE_PWD_H 1
| #define HAVE_STDARG_H 1
| #define HAVE_GRP_H 1
| #define HAVE_ERRNO_H 1
| #define HAVE_SYS_WAIT_H 1
| #define HAVE_GETOPT_H 1
| #define HAVE_UNISTD_H 1
| #define HAVE_NETINET_IN_H 1
| #define HAVE_NETDB_H 1
| #define HAVE_SYS_SOCKET_H 1
| /* end confdefs.h.  */
| 
| /* Override any GCC internal prototype to avoid an error.
|    Use char because int might match the return type of a GCC
|    builtin and then its argument prototype would still apply.  */
| #ifdef __cplusplus
| extern "C"
| #endif
| char sys_errlist ();
| int
| main ()
| {
| return sys_errlist ();
|   ;
|   return 0;
| }
configure:5138: result: no
configure:5152: checking for getopt
configure:5208: mipsel-uclibc-linux26-gcc -o conftest -DLINUX26 -DBCMVISTAROUTER -DBCMWPA2 -D__CONFIG_EMF__  -L/home/dvrf/Download/DVRF_v01/release/src/router/libbcmcrypto -lbcmcrypto conftest.c  >&5
configure:5215: $? = 0
configure:5237: result: yes
configure:5255: checking for getpass
configure:5311: mipsel-uclibc-linux26-gcc -o conftest -DLINUX26 -DBCMVISTAROUTER -DBCMWPA2 -D__CONFIG_EMF__  -L/home/dvrf/Download/DVRF_v01/release/src/router/libbcmcrypto -lbcmcrypto conftest.c  >&5
configure:5318: $? = 0
configure:5338: result: yes
configure:5357: checking build system type
configure:5375: result: i386-pc-linux-gnu
configure:5397: checking host system type
configure:5412: result: mipsel-unknown-linux-gnu
configure:5439: checking for user supplied default service
configure:5447: result: no
configure:5450: WARNING: not setting default service
configure:5537: checking whether user wants debugging support
configure:5548: result: no
configure:5553: checking whether user wants to dissable MD5 support
configure:5564: result: no
configure:5698: creating ./config.status

## ---------------------- ##
## Running config.status. ##
## ---------------------- ##

This file was extended by config.status, which was
generated by GNU Autoconf 2.63.  Invocation command line was

  CONFIG_FILES    = 
  CONFIG_HEADERS  = 
  CONFIG_LINKS    = 
  CONFIG_COMMANDS = 
  $ ./config.status 

on localhost.localdomain

config.status:833: creating Makefile
config.status:833: creating config.h
config.status:1107: executing depfiles commands

## ---------------- ##
## Cache variables. ##
## ---------------- ##

ac_cv_build=i386-pc-linux-gnu
ac_cv_c_compiler_gnu=yes
ac_cv_env_CC_set=set
ac_cv_env_CC_value=mipsel-uclibc-linux26-gcc
ac_cv_env_CFLAGS_set=set
ac_cv_env_CFLAGS_value='-DLINUX26 -DBCMVISTAROUTER -DBCMWPA2 -D__CONFIG_EMF__'
ac_cv_env_CPPFLAGS_set=
ac_cv_env_CPPFLAGS_value=
ac_cv_env_CPP_set=
ac_cv_env_CPP_value=
ac_cv_env_LDFLAGS_set=set
ac_cv_env_LDFLAGS_value='-L/home/dvrf/Download/DVRF_v01/release/src/router/libbcmcrypto -lbcmcrypto'
ac_cv_env_LIBS_set=
ac_cv_env_LIBS_value=
ac_cv_env_build_alias_set=set
ac_cv_env_build_alias_value=i386-pc-linux-gnu
ac_cv_env_host_alias_set=set
ac_cv_env_host_alias_value=mipsel-linux
ac_cv_env_target_alias_set=set
ac_cv_env_target_alias_value=mipsel-linux
ac_cv_func_connect=yes
ac_cv_func_fork=yes
ac_cv_func_getegid=yes
ac_cv_func_geteuid=yes
ac_cv_func_getgid=yes
ac_cv_func_gethostbyaddr=yes
ac_cv_func_gethostbyname=yes
ac_cv_func_getopt=yes
ac_cv_func_getopt_long=yes
ac_cv_func_getpass=yes
ac_cv_func_getpid=yes
ac_cv_func_getservbyname=yes
ac_cv_func_getuid=yes
ac_cv_func_herror=yes
ac_cv_func_inet_addr=yes
ac_cv_func_inet_aton=yes
ac_cv_func_inet_ntoa=yes
ac_cv_func_setegid=yes
ac_cv_func_seteuid=yes
ac_cv_func_setgid=yes
ac_cv_func_setuid=yes
ac_cv_func_snprintf=yes
ac_cv_func_socket=yes
ac_cv_func_stat=yes
ac_cv_func_strdup=yes
ac_cv_func_strerror=yes
ac_cv_func_strftime=yes
ac_cv_func_vfork=yes
ac_cv_func_vfprintf=yes
ac_cv_func_vsnprintf=yes
ac_cv_func_vsprintf=yes
ac_cv_func_wait=yes
ac_cv_func_waitpid=yes
ac_cv_header_arpa_inet_h=yes
ac_cv_header_errno_h=yes
ac_cv_header_fcntl_h=yes
ac_cv_header_getopt_h=yes
ac_cv_header_grp_h=yes
ac_cv_header_inttypes_h=yes
ac_cv_header_memory_h=yes
ac_cv_header_netdb_h=yes
ac_cv_header_netinet_in_h=yes
ac_cv_header_pwd_h=yes
ac_cv_header_signal_h=yes
ac_cv_header_stdarg_h=yes
ac_cv_header_stdc=yes
ac_cv_header_stdint_h=yes
ac_cv_header_stdlib_h=yes
ac_cv_header_string_h=yes
ac_cv_header_strings_h=yes
ac_cv_header_sys_socket_h=yes
ac_cv_header_sys_sockio_h=no
ac_cv_header_sys_stat_h=yes
ac_cv_header_sys_time_h=yes
ac_cv_header_sys_types_h=yes
ac_cv_header_sys_wait_h=yes
ac_cv_header_syslog_h=yes
ac_cv_header_unistd_h=yes
ac_cv_host=mipsel-unknown-linux-gnu
ac_cv_lib_c_sys_errlist=no
ac_cv_objext=o
ac_cv_path_EGREP='/bin/grep -E'
ac_cv_path_GREP=/bin/grep
ac_cv_path_install='/usr/bin/install -c'
ac_cv_path_mkdir=/bin/mkdir
ac_cv_prog_AWK=gawk
ac_cv_prog_CC=mipsel-uclibc-linux26-gcc
ac_cv_prog_CPP='mipsel-uclibc-linux26-gcc -E'
ac_cv_prog_STRIP=mipsel-uclibc-linux26-strip
ac_cv_prog_cc_c89=
ac_cv_prog_cc_g=yes
ac_cv_prog_make_make_set=yes
ac_cv_type_signal=void
am_cv_CC_dependencies_compiler_type=gcc3

## ----------------- ##
## Output variables. ##
## ----------------- ##

ACLOCAL='${SHELL} /home/dvrf/Download/DVRF_v01/release/src/router/ipupdate/missing --run aclocal-1.11'
AMDEPBACKSLASH='\'
AMDEP_FALSE='#'
AMDEP_TRUE=''
AMTAR='${SHELL} /home/dvrf/Download/DVRF_v01/release/src/router/ipupdate/missing --run tar'
AUTOCONF='${SHELL} /home/dvrf/Download/DVRF_v01/release/src/router/ipupdate/missing --run autoconf'
AUTOHEADER='${SHELL} /home/dvrf/Download/DVRF_v01/release/src/router/ipupdate/missing --run autoheader'
AUTOMAKE='${SHELL} /home/dvrf/Download/DVRF_v01/release/src/router/ipupdate/missing --run automake-1.11'
AWK='gawk'
CC='mipsel-uclibc-linux26-gcc'
CCDEPMODE='depmode=gcc3'
CFLAGS='-DLINUX26 -DBCMVISTAROUTER -DBCMWPA2 -D__CONFIG_EMF__'
CPP='mipsel-uclibc-linux26-gcc -E'
CPPFLAGS=''
CYGPATH_W='echo'
DEFS='-DHAVE_CONFIG_H'
DEPDIR='.deps'
ECHO_C=''
ECHO_N='-n'
ECHO_T=''
EGREP='/bin/grep -E'
EXEEXT=''
EXTRAOBJ=''
EXTRASRC=''
GREP='/bin/grep'
INSTALL_DATA='${INSTALL} -m 644'
INSTALL_PROGRAM='${INSTALL}'
INSTALL_SCRIPT='${INSTALL}'
INSTALL_STRIP_PROGRAM='$(install_sh) -c -s'
LDFLAGS='-L/home/dvrf/Download/DVRF_v01/release/src/router/libbcmcrypto -lbcmcrypto'
LIBOBJS=''
LIBS=''
LTLIBOBJS=''
MAKEINFO='${SHELL} /home/dvrf/Download/DVRF_v01/release/src/router/ipupdate/missing --run makeinfo'
MKDIR_P='/bin/mkdir -p'
OBJEXT='o'
PACKAGE='ez-ipupdate'
PACKAGE_BUGREPORT=''
PACKAGE_NAME=''
PACKAGE_STRING=''
PACKAGE_TARNAME=''
PACKAGE_VERSION=''
PATH_SEPARATOR=':'
SET_MAKE=''
SHELL='/bin/sh'
STRIP='mipsel-uclibc-linux26-strip'
VERSION='3.0.11b7'
ac_ct_CC=''
am__EXEEXT_FALSE=''
am__EXEEXT_TRUE='#'
am__fastdepCC_FALSE='#'
am__fastdepCC_TRUE=''
am__include='include'
am__isrc=''
am__leading_dot='.'
am__quote=''
am__tar='${AMTAR} chof - "$$tardir"'
am__untar='${AMTAR} xf -'
bindir='${exec_prefix}/bin'
build='i386-pc-linux-gnu'
build_alias='i386-pc-linux-gnu'
build_cpu='i386'
build_os='linux-gnu'
build_vendor='pc'
datadir='${datarootdir}'
datarootdir='${prefix}/share'
docdir='${datarootdir}/doc/${PACKAGE}'
dvidir='${docdir}'
exec_prefix='${prefix}'
host='mipsel-unknown-linux-gnu'
host_alias='mipsel-linux'
host_cpu='mipsel'
host_os='linux-gnu'
host_vendor='unknown'
htmldir='${docdir}'
includedir='${prefix}/include'
infodir='${datarootdir}/info'
install_sh='${SHELL} /home/dvrf/Download/DVRF_v01/release/src/router/ipupdate/install-sh'
libdir='${exec_prefix}/lib'
libexecdir='${exec_prefix}/libexec'
localedir='${datarootdir}/locale'
localstatedir='${prefix}/var'
mandir='${datarootdir}/man'
mkdir_p='/bin/mkdir -p'
oldincludedir='/usr/include'
pdfdir='${docdir}'
prefix='/usr/local'
program_transform_name='s,x,x,'
psdir='${docdir}'
sbindir='${exec_prefix}/sbin'
sharedstatedir='${prefix}/com'
sysconfdir='${prefix}/etc'
target_alias='mipsel-linux'

## ----------- ##
## confdefs.h. ##
## ----------- ##

#define PACKAGE_NAME ""
#define PACKAGE_TARNAME ""
#define PACKAGE_VERSION ""
#define PACKAGE_STRING ""
#define PACKAGE_BUGREPORT ""
#define PACKAGE "ez-ipupdate"
#define VERSION "3.0.11b7"
#define RETSIGTYPE void
#define HAVE_SOCKET 1
#define HAVE_STRDUP 1
#define HAVE_GETOPT_LONG 1
#define HAVE_GETHOSTBYADDR 1
#define HAVE_GETSERVBYNAME 1
#define HAVE_INET_ADDR 1
#define HAVE_INET_NTOA 1
#define HAVE_SNPRINTF 1
#define HAVE_VFPRINTF 1
#define HAVE_STAT 1
#define HAVE_VSPRINTF 1
#define HAVE_VSNPRINTF 1
#define HAVE_STRERROR 1
#define HAVE_STRFTIME 1
#define HAVE_WAIT 1
#define HAVE_WAITPID 1
#define HAVE_GETPID 1
#define HAVE_FORK 1
#define HAVE_VFORK 1
#define HAVE_GETUID 1
#define HAVE_GETEUID 1
#define HAVE_SETUID 1
#define HAVE_SETEUID 1
#define HAVE_GETGID 1
#define HAVE_GETEGID 1
#define HAVE_SETGID 1
#define HAVE_SETEGID 1
#define HAVE_INET_ATON 1
#define HAVE_HERROR 1
#define STDC_HEADERS 1
#define HAVE_SYS_TYPES_H 1
#define HAVE_SYS_STAT_H 1
#define HAVE_STDLIB_H 1
#define HAVE_STRING_H 1
#define HAVE_MEMORY_H 1
#define HAVE_STRINGS_H 1
#define HAVE_INTTYPES_H 1
#define HAVE_STDINT_H 1
#define HAVE_UNISTD_H 1
#define HAVE_ARPA_INET_H 1
#define HAVE_SYS_TYPES_H 1
#define HAVE_SYS_TIME_H 1
#define HAVE_SYS_STAT_H 1
#define HAVE_FCNTL_H 1
#define HAVE_SIGNAL_H 1
#define HAVE_SYSLOG_H 1
#define HAVE_PWD_H 1
#define HAVE_STDARG_H 1
#define HAVE_GRP_H 1
#define HAVE_ERRNO_H 1
#define HAVE_SYS_WAIT_H 1
#define HAVE_GETOPT_H 1
#define HAVE_UNISTD_H 1
#define HAVE_NETINET_IN_H 1
#define HAVE_NETDB_H 1
#define HAVE_SYS_SOCKET_H 1
#define HAVE_GETOPT 1
#define HAVE_GETPASS 1
#define OS "mipsel-unknown-linux-gnu"
#define DEF_SERVICE "NULL"
#define USE_MD5 1

configure: exit 0

## ---------------------- ##
## Running config.status. ##
## ---------------------- ##

This file was extended by config.status, which was
generated by GNU Autoconf 2.63.  Invocation command line was

  CONFIG_FILES    = 
  CONFIG_HEADERS  = 
  CONFIG_LINKS    = 
  CONFIG_COMMANDS = 
  $ ./config.status config.h

on localhost.localdomain

config.status:833: creating config.h
config.status:1055: config.h is unchanged
